info: May-27-2022 13:44:04: 	Listening on port 5000...
info: May-27-2022 13:47:04: 	Listening on port 5000...
info: May-27-2022 13:49:29: 	Listening on port 5000...
info: May-27-2022 13:49:32: 	connected to myFirstDatabase.. :} 
info: Jun-09-2022 20:33:31: 	Listening on port 5000...
info: Jun-09-2022 20:33:34: 	connected to myFirstDatabase.. :} info: Jun-09-2022 20:52:14: 	Listening on port 5000...
info: Jun-09-2022 20:52:18: 	connected to myFirstDatabase.. :} 
info: Jun-09-2022 22:59:04: 	Listening on port 5000...
info: Jun-09-2022 22:59:09: 	connected to myFirstDatabase.. :} 
info: Jun-09-2022 23:17:30: 	Listening on port 5000...
info: Jun-09-2022 23:17:35: 	connected to myFirstDatabase.. :} 
info: Jun-09-2022 23:26:30: 	Listening on port 5000...
info: Jun-09-2022 23:26:33: 	connected to myFirstDatabase.. :} 
info: Jun-09-2022 23:47:15: 	Listening on port 5000...
info: Jun-09-2022 23:47:18: 	connected to myFirstDatabase.. :} 
info: Jun-09-2022 23:51:09: 	Listening on port 5000...
info: Jun-09-2022 23:51:12: 	connected to myFirstDatabase.. :} 
info: Jun-10-2022 08:45:35: 	Listening on port 5000...
info: Jun-10-2022 08:45:38: 	connected to myFirstDatabase.. :} 
info: Jun-10-2022 08:53:16: 	Listening on port 5000...
info: Jun-10-2022 08:53:18: 	connected to myFirstDatabase.. :} 
info: Jun-10-2022 10:29:27: 	Listening on port 5000...
info: Jun-10-2022 10:29:30: 	connected to myFirstDatabase.. :} 
info: Jun-10-2022 11:22:12: 	Listening on port 5000...
info: Jun-10-2022 11:22:14: 	connected to myFirstDatabase.. :} 
info: Jun-10-2022 12:08:39: 	Listening on port 5000...
info: Jun-10-2022 12:08:42: 	connected to myFirstDatabase.. :} 
info: Jun-10-2022 12:17:17: 	Listening on port 5000...
info: Jun-10-2022 12:17:20: 	connected to myFirstDatabase.. :} 
